[debug] [2021-05-28T09:46:56.103Z] ----------------------------------------------------------------------
[debug] [2021-05-28T09:46:56.108Z] Command:       C:\Program Files\nodejs\node.exe C:\Users\Dakshpreet Singh\AppData\Roaming\npm\node_modules\firebase-tools\lib\bin\firebase.js init
[debug] [2021-05-28T09:46:56.109Z] CLI Version:   9.10.2
[debug] [2021-05-28T09:46:56.109Z] Platform:      win32
[debug] [2021-05-28T09:46:56.109Z] Node Version:  v14.16.1
[debug] [2021-05-28T09:46:56.111Z] Time:          Fri May 28 2021 15:16:56 GMT+0530 (India Standard Time)
[debug] [2021-05-28T09:46:56.111Z] ----------------------------------------------------------------------
[debug] 
[debug] [2021-05-28T09:46:56.125Z] > command requires scopes: ["email","openid","https://www.googleapis.com/auth/cloudplatformprojects.readonly","https://www.googleapis.com/auth/firebase","https://www.googleapis.com/auth/cloud-platform"]
[debug] [2021-05-28T09:46:56.125Z] > authorizing via signed-in user (26dakshbhabra@gmail.com)
[info] 
     ######## #### ########  ######## ########     ###     ######  ########
     ##        ##  ##     ## ##       ##     ##  ##   ##  ##       ##
     ######    ##  ########  ######   ########  #########  ######  ######
     ##        ##  ##    ##  ##       ##     ## ##     ##       ## ##
     ##       #### ##     ## ######## ########  ##     ##  ######  ########

You're about to initialize a Firebase project in this directory:

  C:\Users\Dakshpreet Singh\Desktop\netflix-clone\netflix-clone

Before we get started, keep in mind:

  * You are initializing in an existing Firebase project directory

[info] 
=== Project Setup
[info] 
[info] First, let's associate this project directory with a Firebase project.
[info] You can create multiple project aliases by running firebase use --add, 
[info] but for now we'll just set up a default project.
[info] 
[info] i  .firebaserc already has a default project, using netflix-clone-b0241. 
[debug] [2021-05-28T09:47:43.828Z] >>> [apiv2][query] GET https://firebase.googleapis.com/v1beta1/projects/netflix-clone-b0241 [none]
[debug] [2021-05-28T09:47:44.388Z] <<< [apiv2][status] GET https://firebase.googleapis.com/v1beta1/projects/netflix-clone-b0241 200
[debug] [2021-05-28T09:47:44.389Z] <<< [apiv2][body] GET https://firebase.googleapis.com/v1beta1/projects/netflix-clone-b0241 {"projectId":"netflix-clone-b0241","projectNumber":"239187134252","displayName":"Netflix-Clone","name":"projects/netflix-clone-b0241","resources":{"hostingSite":"netflix-clone-b0241"},"state":"ACTIVE"}
[info] 
=== Hosting Setup
[info] 
[info] Your public directory is the folder (relative to your project directory) that
[info] will contain Hosting assets to be uploaded with firebase deploy. If you
[info] have a build process for your assets, use your build's output directory.
[info] 
[debug] [2021-05-28T09:48:09.951Z] >>> [apiv2][query] GET https://www.gstatic.com/firebasejs/releases.json [none]
[debug] [2021-05-28T09:48:10.064Z] <<< [apiv2][status] GET https://www.gstatic.com/firebasejs/releases.json 200
[debug] [2021-05-28T09:48:10.064Z] <<< [apiv2][body] GET https://www.gstatic.com/firebasejs/releases.json {"current":{"version":"8.6.3","browserURL":"https://www.gstatic.com/firebasejs/8.6.3/firebase.js","packageURL":"https://www.gstatic.com/firebasejs/8.6.3/firebase.tgz"},"live":{"version":"8.6","browserURL":"https://www.gstatic.com/firebasejs/live/8.6/firebase.js","packageURL":"https://www.gstatic.com/firebasejs/live/8.6/firebase.tgz"},"components":{"analytics":"https://www.gstatic.com/firebasejs/8.6.3/firebase-analytics.js","app":"https://www.gstatic.com/firebasejs/8.6.3/firebase-app.js","app-check":"https://www.gstatic.com/firebasejs/8.6.3/firebase-app-check.js","auth":"https://www.gstatic.com/firebasejs/8.6.3/firebase-auth.js","database":"https://www.gstatic.com/firebasejs/8.6.3/firebase-database.js","firestore":"https://www.gstatic.com/firebasejs/8.6.3/firebase-firestore.js","functions":"https://www.gstatic.com/firebasejs/8.6.3/firebase-functions.js","installations":"https://www.gstatic.com/firebasejs/8.6.3/firebase-installations.js","messaging":"https://www.gstatic.com/firebasejs/8.6.3/firebase-messaging.js","storage":"https://www.gstatic.com/firebasejs/8.6.3/firebase-storage.js","performance":"https://www.gstatic.com/firebasejs/8.6.3/firebase-performance.js","remote-config":"https://www.gstatic.com/firebasejs/8.6.3/firebase-remote-config.js","firestore.memory":"https://www.gstatic.com/firebasejs/8.6.3/firebase-firestore.memory.js"}}
[info] +  Wrote build/index.html 
[info] 
[info] i  Didn't detect a .git folder. Assuming C:\Users\Dakshpreet Singh\Desktop\netflix-clone\netflix-clone is the project root. 
[info] i  Authorizing with GitHub to upload your service account to a GitHub repository's secrets store. 
[info] 
[info] Visit this URL on this device to log in:
[info] https://github.com/login/oauth/authorize?client_id=89cf50f02ac6aaed3484&state=717653399&redirect_uri=http%3A%2F%2Flocalhost%3A9005&scope=read%3Auser%20repo%20public_repo
[info] 
[info] Waiting for authentication...
[debug] [2021-05-28T09:48:52.276Z] >>> HTTP REQUEST POST https://github.com/login/oauth/access_token  
 {"client_id":"89cf50f02ac6aaed3484","client_secret":"3330d14abc895d9a74d5f17cd7a00711fa2c5bf0","code":"8002c06ec1579ef4b8c3","redirect_uri":"http://localhost:9005","state":"717653399"}
[debug] [2021-05-28T09:48:52.690Z] <<< HTTP RESPONSE 200 {"server":"GitHub.com","date":"Fri, 28 May 2021 09:47:46 GMT","content-type":"application/json; charset=utf-8","transfer-encoding":"chunked","vary":"X-PJAX, Accept-Encoding, Accept, X-Requested-With","permissions-policy":"interest-cohort=()","etag":"W/\"f85cb8b7c4faf244f571af0e7f0345d6\"","cache-control":"max-age=0, private, must-revalidate","strict-transport-security":"max-age=31536000; includeSubdomains; preload","x-frame-options":"deny","x-content-type-options":"nosniff","x-xss-protection":"0","referrer-policy":"origin-when-cross-origin, strict-origin-when-cross-origin","expect-ct":"max-age=2592000, report-uri=\"https://api.github.com/_private/browser/errors\"","content-security-policy":"default-src 'none'; base-uri 'self'; block-all-mixed-content; connect-src 'self' uploads.github.com www.githubstatus.com collector.githubapp.com api.github.com github-cloud.s3.amazonaws.com github-production-repository-file-5c1aeb.s3.amazonaws.com github-production-upload-manifest-file-7fdce7.s3.amazonaws.com github-production-user-asset-6210df.s3.amazonaws.com html-translator.herokuapp.com cdn.optimizely.com logx.optimizely.com/v1/events wss://alive.github.com; font-src github.githubassets.com; form-action 'self' github.com gist.github.com; frame-ancestors 'none'; frame-src render.githubusercontent.com; img-src 'self' data: github.githubassets.com identicons.github.com collector.githubapp.com github-cloud.s3.amazonaws.com secured-user-images.githubusercontent.com/ *.githubusercontent.com; manifest-src 'self'; media-src 'none'; script-src github.githubassets.com; style-src 'unsafe-inline' github.githubassets.com; worker-src github.com/socket-worker-3f088aa2.js gist.github.com/socket-worker-3f088aa2.js","x-github-request-id":"EC0D:02BC:348F73:398BAB:60B0BC42"}
[debug] [2021-05-28T09:48:52.973Z] >>> [apiv2][query] GET https://api.github.com/user [none]
[debug] [2021-05-28T09:48:53.463Z] <<< [apiv2][status] GET https://api.github.com/user 200
[debug] [2021-05-28T09:48:53.464Z] <<< [apiv2][body] GET https://api.github.com/user {"login":"dakshbhabra","id":46484213,"node_id":"MDQ6VXNlcjQ2NDg0MjEz","avatar_url":"https://avatars.githubusercontent.com/u/46484213?v=4","gravatar_id":"","url":"https://api.github.com/users/dakshbhabra","html_url":"https://github.com/dakshbhabra","followers_url":"https://api.github.com/users/dakshbhabra/followers","following_url":"https://api.github.com/users/dakshbhabra/following{/other_user}","gists_url":"https://api.github.com/users/dakshbhabra/gists{/gist_id}","starred_url":"https://api.github.com/users/dakshbhabra/starred{/owner}{/repo}","subscriptions_url":"https://api.github.com/users/dakshbhabra/subscriptions","organizations_url":"https://api.github.com/users/dakshbhabra/orgs","repos_url":"https://api.github.com/users/dakshbhabra/repos","events_url":"https://api.github.com/users/dakshbhabra/events{/privacy}","received_events_url":"https://api.github.com/users/dakshbhabra/received_events","type":"User","site_admin":false,"name":null,"company":null,"blog":"","location":null,"email":null,"hireable":null,"bio":null,"twitter_username":null,"public_repos":0,"public_gists":0,"followers":0,"following":0,"created_at":"2019-01-08T11:01:18Z","updated_at":"2021-05-28T09:47:37Z","private_gists":0,"total_private_repos":0,"owned_private_repos":0,"disk_usage":0,"collaborators":0,"two_factor_authentication":false,"plan":{"name":"free","space":976562499,"collaborators":0,"private_repos":10000}}
[info] 
[info] +  Success! Logged into GitHub as dakshbhabra 
[info] 
[debug] [2021-05-28T09:53:04.913Z] >>> [apiv2][query] GET https://api.github.com/repos/ dakshbhabra/netflix-clone/actions/secrets/public-key type=owner
[debug] [2021-05-28T09:53:05.500Z] <<< [apiv2][status] GET https://api.github.com/repos/ dakshbhabra/netflix-clone/actions/secrets/public-key 404
[debug] [2021-05-28T09:53:05.501Z] <<< [apiv2][body] GET https://api.github.com/repos/ dakshbhabra/netflix-clone/actions/secrets/public-key {"message":"Not Found","documentation_url":"https://docs.github.com/rest/reference/actions#get-a-repository-public-key"}
